<?xml version="1.0" encoding="UTF-8"?>
<testsuite xmlns:xsi="http://www.w3.org/2001/XMLSchema-instance" xsi:noNamespaceSchemaLocation="https://maven.apache.org/surefire/maven-surefire-plugin/xsd/surefire-test-report-3.0.xsd" version="3.0" name="org.acme.GreetingResourceTest" time="6.721" tests="1" errors="0" skipped="0" failures="0">
  <properties>
[...]
</properties>
  <testcase name="testHelloEndpoint" classname="org.acme.GreetingResourceTest" time="0.866">
    <system-out><![CDATA[2024-12-02 11:36:46,883 INFO  [io.qua.sch.run.SimpleScheduler] (main) No scheduled business methods found - Simple scheduler will not be started
2024-12-02 11:36:46,912 INFO  [io.sma.rea.mes.mqtt] (main) Create MQTT Client for leo-student:67585eae6b50174a24148632fe42c4406bcea9f4f63e6de3c726868cb297034c89af7498993694e951d9855644bab7b9fcf11d39efdd2162e02fd6a99c4a82d0@mqtt.htl-leonding.ac.at:8883<>-[].
2024-12-02 11:36:46,939 INFO  [io.sma.rea.mes.mqtt] (main) Create MQTT Client for student:31aec05339e4ecd57b824d5b50ae2d43ed87a3e27710c2d0b24f72f6bdda8f8082cfb92af4b34d9120abe15becebb2c7e874ee46c68d055792b29eba5bd7c22a@vm90.htl-leonding.ac.at:1883<>-[].
2024-12-02 11:36:46,943 WARN  [io.sma.rea.mes.provider] (main) SRMSG00208: The connector 'IncomingConnector{channel:'leoenergy', attribute:'mp.messaging.incoming.leoenergy'}' has no downstreams
2024-12-02 11:36:46,945 WARN  [io.sma.rea.mes.provider] (main) SRMSG00207: Some components are not connected to either downstream consumers or upstream producers:
	- IncomingConnector{channel:'leoenergy', attribute:'mp.messaging.incoming.leoenergy'} has no downstream

2024-12-02 11:36:46,970 INFO  [at.htl.leo.mqt.InitBean] (main) It works
2024-12-02 11:36:47,897 INFO  [io.quarkus] (main) leoenergy 1.0-SNAPSHOT on JVM (powered by Quarkus 3.16.2) started in 3.309s. Listening on: http://localhost:8081
2024-12-02 11:36:47,900 INFO  [io.quarkus] (main) Profile test activated. 
2024-12-02 11:36:47,900 INFO  [io.quarkus] (main) Installed features: [cdi, messaging, messaging-mqtt, rest, rest-jackson, scheduler, smallrye-context-propagation, smallrye-openapi, swagger-ui, vertx]
2024-12-02 11:36:48,416 INFO  [io.ver.mqt.imp.MqttClientImpl] (vert.x-eventloop-thread-0) Connection with vm90.htl-leonding.ac.at:1883 established successfully
]]></system-out>
  </testcase>
</testsuite>